2020-04-19 16:49:54,623 INFO o.a.j.u.JMeterUtils: Setting Locale to en_EN
2020-04-19 16:49:54,650 INFO o.a.j.JMeter: Loading user properties from: /home/tomas/ES/apache-jmeter-5.2.1/bin/user.properties
2020-04-19 16:49:54,651 INFO o.a.j.JMeter: Loading system properties from: /home/tomas/ES/apache-jmeter-5.2.1/bin/system.properties
2020-04-19 16:49:54,652 INFO o.a.j.JMeter: Copyright (c) 1998-2019 The Apache Software Foundation
2020-04-19 16:49:54,652 INFO o.a.j.JMeter: Version 5.2.1
2020-04-19 16:49:54,652 INFO o.a.j.JMeter: java.version=11.0.6
2020-04-19 16:49:54,652 INFO o.a.j.JMeter: java.vm.name=OpenJDK 64-Bit Server VM
2020-04-19 16:49:54,653 INFO o.a.j.JMeter: os.name=Linux
2020-04-19 16:49:54,653 INFO o.a.j.JMeter: os.arch=amd64
2020-04-19 16:49:54,653 INFO o.a.j.JMeter: os.version=4.15.0-96-generic
2020-04-19 16:49:54,653 INFO o.a.j.JMeter: file.encoding=UTF-8
2020-04-19 16:49:54,653 INFO o.a.j.JMeter: java.awt.headless=null
2020-04-19 16:49:54,653 INFO o.a.j.JMeter: Max memory     =1073741824
2020-04-19 16:49:54,653 INFO o.a.j.JMeter: Available Processors =12
2020-04-19 16:49:54,662 INFO o.a.j.JMeter: Default Locale=English (EN)
2020-04-19 16:49:54,663 INFO o.a.j.JMeter: JMeter  Locale=English (EN)
2020-04-19 16:49:54,663 INFO o.a.j.JMeter: JMeterHome=/home/tomas/ES/apache-jmeter-5.2.1
2020-04-19 16:49:54,663 INFO o.a.j.JMeter: user.dir  =/home/tomas/ES/es20al_18-project
2020-04-19 16:49:54,663 INFO o.a.j.JMeter: PWD       =/home/tomas/ES/es20al_18-project
2020-04-19 16:49:54,663 INFO o.a.j.JMeter: IP: 127.0.1.1 Name: tomas-Aspire-A715-72G FullName: tomas-Aspire-A715-72G
2020-04-19 16:49:55,010 INFO o.a.j.g.a.LookAndFeelCommand: Installing Darcula LAF
2020-04-19 16:49:55,050 INFO o.a.j.g.a.LookAndFeelCommand: Using look and feel: com.bulenkov.darcula.DarculaLaf [Darcula]
2020-04-19 16:49:55,050 INFO o.a.j.JMeter: Setting LAF to: com.bulenkov.darcula.DarculaLaf
2020-04-19 16:49:55,131 INFO o.a.j.JMeter: Loaded icon properties from org/apache/jmeter/images/icon.properties
2020-04-19 16:49:57,033 INFO o.a.j.p.h.s.HTTPSamplerBase: Parser for text/html is org.apache.jmeter.protocol.http.parser.LagartoBasedHtmlParser
2020-04-19 16:49:57,034 INFO o.a.j.p.h.s.HTTPSamplerBase: Parser for application/xhtml+xml is org.apache.jmeter.protocol.http.parser.LagartoBasedHtmlParser
2020-04-19 16:49:57,034 INFO o.a.j.p.h.s.HTTPSamplerBase: Parser for application/xml is org.apache.jmeter.protocol.http.parser.LagartoBasedHtmlParser
2020-04-19 16:49:57,034 INFO o.a.j.p.h.s.HTTPSamplerBase: Parser for text/xml is org.apache.jmeter.protocol.http.parser.LagartoBasedHtmlParser
2020-04-19 16:49:57,034 INFO o.a.j.p.h.s.HTTPSamplerBase: Parser for text/vnd.wap.wml is org.apache.jmeter.protocol.http.parser.RegexpHTMLParser
2020-04-19 16:49:57,035 INFO o.a.j.p.h.s.HTTPSamplerBase: Parser for text/css is org.apache.jmeter.protocol.http.parser.CssParser
2020-04-19 16:49:57,474 INFO o.a.j.e.KeyToolUtils: keytool found at 'keytool'
2020-04-19 16:49:57,475 INFO o.a.j.p.h.p.ProxyControl: HTTP(S) Test Script Recorder SSL Proxy will use keys that support embedded 3rd party resources in file /home/tomas/ES/apache-jmeter-5.2.1/bin/proxyserver.jks
2020-04-19 16:49:57,611 INFO o.a.j.s.FileServer: Default base='/home/tomas/ES/es20al_18-project'
2020-04-19 16:49:57,990 INFO o.a.j.s.SampleResult: Note: Sample TimeStamps are START times
2020-04-19 16:49:57,991 INFO o.a.j.s.SampleResult: sampleresult.default.encoding is set to ISO-8859-1
2020-04-19 16:49:57,991 INFO o.a.j.s.SampleResult: sampleresult.useNanoTime=true
2020-04-19 16:49:57,991 INFO o.a.j.s.SampleResult: sampleresult.nanoThreadSleep=5000
2020-04-19 16:49:58,014 INFO o.a.j.v.ViewResultsFullVisualizer: Add JavaFX to your Java installation if you want to use renderer: org.apache.jmeter.visualizers.RenderInBrowser
2020-04-19 16:50:20,953 INFO o.a.j.g.a.Load: Loading file: /home/tomas/ES/es20al_18-project/backend/jmeter/submission/WSGetSubmissionsToTeacherTest.jmx
2020-04-19 16:50:20,953 INFO o.a.j.s.FileServer: Set new base='/home/tomas/ES/es20al_18-project/backend/jmeter/submission'
2020-04-19 16:50:21,111 INFO o.a.j.s.SaveService: Testplan (JMX) version: 2.2. Testlog (JTL) version: 2.2
2020-04-19 16:50:21,124 INFO o.a.j.s.SaveService: Using SaveService properties version 5.0
2020-04-19 16:50:21,127 INFO o.a.j.s.SaveService: Using SaveService properties file encoding UTF-8
2020-04-19 16:50:21,130 INFO o.a.j.s.SaveService: Loading file: /home/tomas/ES/es20al_18-project/backend/jmeter/submission/WSGetSubmissionsToTeacherTest.jmx
2020-04-19 16:50:21,284 INFO o.a.j.v.ViewResultsFullVisualizer: Add JavaFX to your Java installation if you want to use renderer: org.apache.jmeter.visualizers.RenderInBrowser
2020-04-19 16:50:21,365 INFO o.a.j.v.ViewResultsFullVisualizer: Add JavaFX to your Java installation if you want to use renderer: org.apache.jmeter.visualizers.RenderInBrowser
2020-04-19 16:50:21,424 INFO o.a.j.v.ViewResultsFullVisualizer: Add JavaFX to your Java installation if you want to use renderer: org.apache.jmeter.visualizers.RenderInBrowser
2020-04-19 16:50:21,455 INFO o.a.j.s.FileServer: Set new base='/home/tomas/ES/es20al_18-project/backend/jmeter/submission'
2020-04-19 17:23:18,545 INFO o.a.j.g.a.Load: Loading file: /home/tomas/ES/es20al_18-project/backend/jmeter/submission/WSGetSubmissionStatusTest.jmx
2020-04-19 17:23:18,545 INFO o.a.j.s.FileServer: Set new base='/home/tomas/ES/es20al_18-project/backend/jmeter/submission'
2020-04-19 17:23:18,545 INFO o.a.j.s.SaveService: Loading file: /home/tomas/ES/es20al_18-project/backend/jmeter/submission/WSGetSubmissionStatusTest.jmx
2020-04-19 17:23:18,596 INFO o.a.j.v.ViewResultsFullVisualizer: Add JavaFX to your Java installation if you want to use renderer: org.apache.jmeter.visualizers.RenderInBrowser
2020-04-19 17:23:18,645 INFO o.a.j.v.ViewResultsFullVisualizer: Add JavaFX to your Java installation if you want to use renderer: org.apache.jmeter.visualizers.RenderInBrowser
2020-04-19 17:23:18,692 INFO o.a.j.v.ViewResultsFullVisualizer: Add JavaFX to your Java installation if you want to use renderer: org.apache.jmeter.visualizers.RenderInBrowser
2020-04-19 17:23:18,717 INFO o.a.j.s.FileServer: Set new base='/home/tomas/ES/es20al_18-project/backend/jmeter/submission'
